<?xml version="1.0" encoding="UTF-8"?>
<!-- Generated by org.testng.reporters.JUnitReportReporter -->
<testsuite hostname="cordova26" failures="0" tests="1" name="commonFunction.CommonFunction" time="10.328" errors="0" timestamp="2025-04-10T12:44:29 IST" skipped="0">
  <testcase classname="commonFunction.CommonFunction" name="main" time="10.328"/>
</testsuite> <!-- commonFunction.CommonFunction -->
