<?xml version="1.0" encoding="UTF-8"?>
<!-- Generated by org.testng.reporters.JUnitReportReporter -->
<testsuite hostname="cordova26" failures="0" tests="1" name="commonFunction.CommonFunction" time="5.312" errors="0" timestamp="2025-04-09T14:32:53 IST" skipped="0">
  <testcase classname="commonFunction.CommonFunction" name="main" time="5.312"/>
</testsuite> <!-- commonFunction.CommonFunction -->
