<?xml version="1.0" encoding="UTF-8"?>
<!-- Generated by org.testng.reporters.JUnitReportReporter -->
<testsuite hostname="cordova26" failures="0" tests="1" name="commonFunction.CommonFunction" time="10.978" errors="0" timestamp="2025-04-22T14:16:44 IST" skipped="0">
  <testcase classname="commonFunction.CommonFunction" name="main" time="10.978"/>
</testsuite> <!-- commonFunction.CommonFunction -->
